This file contains any messages produced by compilers while
running configure, to aid debugging if configure makes a mistake.

It was created by pofswitch configure 1.3.3, which was
generated by GNU Autoconf 2.68.  Invocation command line was

  $ ./configure --prefix=/opt/pofswitch --enable-datapath --enable-debug

## --------- ##
## Platform. ##
## --------- ##

hostname = user-VirtualBox
uname -m = i686
uname -r = 3.8.0-31-generic
uname -s = Linux
uname -v = #46~precise1-Ubuntu SMP Wed Sep 11 17:49:16 UTC 2013

/usr/bin/uname -p = unknown
/bin/uname -X     = unknown

/bin/arch              = unknown
/usr/bin/arch -k       = unknown
/usr/convex/getsysinfo = unknown
/usr/bin/hostinfo      = unknown
/bin/machine           = unknown
/usr/bin/oslevel       = unknown
/bin/universe          = unknown

PATH: /usr/local/sbin
PATH: /usr/local/bin
PATH: /usr/sbin
PATH: /usr/bin
PATH: /sbin
PATH: /bin
PATH: /usr/games


## ----------- ##
## Core tests. ##
## ----------- ##

configure:2282: checking for a BSD-compatible install
configure:2350: result: /usr/bin/install -c
configure:2361: checking whether build environment is sane
configure:2411: result: yes
configure:2552: checking for a thread-safe mkdir -p
configure:2591: result: /bin/mkdir -p
configure:2604: checking for gawk
configure:2634: result: no
configure:2604: checking for mawk
configure:2620: found /usr/bin/mawk
configure:2631: result: mawk
configure:2642: checking whether make sets $(MAKE)
configure:2664: result: yes
configure:2797: checking for gcc
configure:2813: found /usr/bin/gcc
configure:2824: result: gcc
configure:3053: checking for C compiler version
configure:3062: gcc --version >&5
gcc (Ubuntu/Linaro 4.6.3-1ubuntu5) 4.6.3
Copyright (C) 2011 Free Software Foundation, Inc.
This is free software; see the source for copying conditions.  There is NO
warranty; not even for MERCHANTABILITY or FITNESS FOR A PARTICULAR PURPOSE.

configure:3073: $? = 0
configure:3062: gcc -v >&5
Using built-in specs.
COLLECT_GCC=gcc
COLLECT_LTO_WRAPPER=/usr/lib/gcc/i686-linux-gnu/4.6/lto-wrapper
Target: i686-linux-gnu
Configured with: ../src/configure -v --with-pkgversion='Ubuntu/Linaro 4.6.3-1ubuntu5' --with-bugurl=file:///usr/share/doc/gcc-4.6/README.Bugs --enable-languages=c,c++,fortran,objc,obj-c++ --prefix=/usr --program-suffix=-4.6 --enable-shared --enable-linker-build-id --with-system-zlib --libexecdir=/usr/lib --without-included-gettext --enable-threads=posix --with-gxx-include-dir=/usr/include/c++/4.6 --libdir=/usr/lib --enable-nls --with-sysroot=/ --enable-clocale=gnu --enable-libstdcxx-debug --enable-libstdcxx-time=yes --enable-gnu-unique-object --enable-plugin --enable-objc-gc --enable-targets=all --disable-werror --with-arch-32=i686 --with-tune=generic --enable-checking=release --build=i686-linux-gnu --host=i686-linux-gnu --target=i686-linux-gnu
Thread model: posix
gcc version 4.6.3 (Ubuntu/Linaro 4.6.3-1ubuntu5) 
configure:3073: $? = 0
configure:3062: gcc -V >&5
gcc: error: unrecognized option '-V'
gcc: fatal error: no input files
compilation terminated.
configure:3073: $? = 4
configure:3062: gcc -qversion >&5
gcc: error: unrecognized option '-qversion'
gcc: fatal error: no input files
compilation terminated.
configure:3073: $? = 4
configure:3093: checking whether the C compiler works
configure:3115: gcc    conftest.c  >&5
configure:3119: $? = 0
configure:3167: result: yes
configure:3170: checking for C compiler default output file name
configure:3172: result: a.out
configure:3178: checking for suffix of executables
configure:3185: gcc -o conftest    conftest.c  >&5
configure:3189: $? = 0
configure:3211: result: 
configure:3233: checking whether we are cross compiling
configure:3241: gcc -o conftest    conftest.c  >&5
configure:3245: $? = 0
configure:3252: ./conftest
configure:3256: $? = 0
configure:3271: result: no
configure:3276: checking for suffix of object files
configure:3298: gcc -c   conftest.c >&5
configure:3302: $? = 0
configure:3323: result: o
configure:3327: checking whether we are using the GNU C compiler
configure:3346: gcc -c   conftest.c >&5
configure:3346: $? = 0
configure:3355: result: yes
configure:3364: checking whether gcc accepts -g
configure:3384: gcc -c -g  conftest.c >&5
configure:3384: $? = 0
configure:3425: result: yes
configure:3442: checking for gcc option to accept ISO C89
configure:3506: gcc  -c -g -O2  conftest.c >&5
configure:3506: $? = 0
configure:3519: result: none needed
configure:3550: checking for style of include used by make
configure:3578: result: GNU
configure:3604: checking dependency style of gcc
configure:3715: result: gcc3
configure:3773: checking for ranlib
configure:3789: found /usr/bin/ranlib
configure:3800: result: ranlib
configure:3825: checking for pthread_create in -lpthread
configure:3850: gcc -o conftest -g -O2   conftest.c -lpthread   >&5
configure:3850: $? = 0
configure:3859: result: yes
configure:3877: checking how to run the C preprocessor
configure:3908: gcc -E  conftest.c
configure:3908: $? = 0
configure:3922: gcc -E  conftest.c
conftest.c:13:28: fatal error: ac_nonexistent.h: No such file or directory
compilation terminated.
configure:3922: $? = 1
configure: failed program was:
| /* confdefs.h */
| #define PACKAGE_NAME "pofswitch"
| #define PACKAGE_TARNAME "pofswitch"
| #define PACKAGE_VERSION "1.3.3"
| #define PACKAGE_STRING "pofswitch 1.3.3"
| #define PACKAGE_BUGREPORT "yujingzhou@huawei.com"
| #define PACKAGE_URL ""
| #define PACKAGE "pofswitch"
| #define VERSION "1.3.3"
| #define POFSWITCH_VERSION "POFSwitch-1.3.3"
| #define HAVE_LIBPTHREAD 1
| /* end confdefs.h.  */
| #include <ac_nonexistent.h>
configure:3947: result: gcc -E
configure:3967: gcc -E  conftest.c
configure:3967: $? = 0
configure:3981: gcc -E  conftest.c
conftest.c:13:28: fatal error: ac_nonexistent.h: No such file or directory
compilation terminated.
configure:3981: $? = 1
configure: failed program was:
| /* confdefs.h */
| #define PACKAGE_NAME "pofswitch"
| #define PACKAGE_TARNAME "pofswitch"
| #define PACKAGE_VERSION "1.3.3"
| #define PACKAGE_STRING "pofswitch 1.3.3"
| #define PACKAGE_BUGREPORT "yujingzhou@huawei.com"
| #define PACKAGE_URL ""
| #define PACKAGE "pofswitch"
| #define VERSION "1.3.3"
| #define POFSWITCH_VERSION "POFSwitch-1.3.3"
| #define HAVE_LIBPTHREAD 1
| /* end confdefs.h.  */
| #include <ac_nonexistent.h>
configure:4010: checking for grep that handles long lines and -e
configure:4068: result: /bin/grep
configure:4073: checking for egrep
configure:4135: result: /bin/grep -E
configure:4140: checking for ANSI C header files
configure:4160: gcc -c -g -O2  conftest.c >&5
configure:4160: $? = 0
configure:4233: gcc -o conftest -g -O2   conftest.c -lpthread  >&5
configure:4233: $? = 0
configure:4233: ./conftest
configure:4233: $? = 0
configure:4244: result: yes
configure:4257: checking for sys/types.h
configure:4257: gcc -c -g -O2  conftest.c >&5
configure:4257: $? = 0
configure:4257: result: yes
configure:4257: checking for sys/stat.h
configure:4257: gcc -c -g -O2  conftest.c >&5
configure:4257: $? = 0
configure:4257: result: yes
configure:4257: checking for stdlib.h
configure:4257: gcc -c -g -O2  conftest.c >&5
configure:4257: $? = 0
configure:4257: result: yes
configure:4257: checking for string.h
configure:4257: gcc -c -g -O2  conftest.c >&5
configure:4257: $? = 0
configure:4257: result: yes
configure:4257: checking for memory.h
configure:4257: gcc -c -g -O2  conftest.c >&5
configure:4257: $? = 0
configure:4257: result: yes
configure:4257: checking for strings.h
configure:4257: gcc -c -g -O2  conftest.c >&5
configure:4257: $? = 0
configure:4257: result: yes
configure:4257: checking for inttypes.h
configure:4257: gcc -c -g -O2  conftest.c >&5
configure:4257: $? = 0
configure:4257: result: yes
configure:4257: checking for stdint.h
configure:4257: gcc -c -g -O2  conftest.c >&5
configure:4257: $? = 0
configure:4257: result: yes
configure:4257: checking for unistd.h
configure:4257: gcc -c -g -O2  conftest.c >&5
configure:4257: $? = 0
configure:4257: result: yes
configure:4272: checking arpa/inet.h usability
configure:4272: gcc -c -g -O2  conftest.c >&5
configure:4272: $? = 0
configure:4272: result: yes
configure:4272: checking arpa/inet.h presence
configure:4272: gcc -E  conftest.c
configure:4272: $? = 0
configure:4272: result: yes
configure:4272: checking for arpa/inet.h
configure:4272: result: yes
configure:4272: checking limits.h usability
configure:4272: gcc -c -g -O2  conftest.c >&5
configure:4272: $? = 0
configure:4272: result: yes
configure:4272: checking limits.h presence
configure:4272: gcc -E  conftest.c
configure:4272: $? = 0
configure:4272: result: yes
configure:4272: checking for limits.h
configure:4272: result: yes
configure:4272: checking netinet/in.h usability
configure:4272: gcc -c -g -O2  conftest.c >&5
configure:4272: $? = 0
configure:4272: result: yes
configure:4272: checking netinet/in.h presence
configure:4272: gcc -E  conftest.c
configure:4272: $? = 0
configure:4272: result: yes
configure:4272: checking for netinet/in.h
configure:4272: result: yes
configure:4272: checking for stdlib.h
configure:4272: result: yes
configure:4272: checking for string.h
configure:4272: result: yes
configure:4272: checking sys/socket.h usability
configure:4272: gcc -c -g -O2  conftest.c >&5
configure:4272: $? = 0
configure:4272: result: yes
configure:4272: checking sys/socket.h presence
configure:4272: gcc -E  conftest.c
configure:4272: $? = 0
configure:4272: result: yes
configure:4272: checking for sys/socket.h
configure:4272: result: yes
configure:4272: checking sys/time.h usability
configure:4272: gcc -c -g -O2  conftest.c >&5
configure:4272: $? = 0
configure:4272: result: yes
configure:4272: checking sys/time.h presence
configure:4272: gcc -E  conftest.c
configure:4272: $? = 0
configure:4272: result: yes
configure:4272: checking for sys/time.h
configure:4272: result: yes
configure:4272: checking for unistd.h
configure:4272: result: yes
configure:4284: checking for size_t
configure:4284: gcc -c -g -O2  conftest.c >&5
configure:4284: $? = 0
configure:4284: gcc -c -g -O2  conftest.c >&5
conftest.c: In function 'main':
conftest.c:67:21: error: expected expression before ')' token
configure:4284: $? = 1
configure: failed program was:
| /* confdefs.h */
| #define PACKAGE_NAME "pofswitch"
| #define PACKAGE_TARNAME "pofswitch"
| #define PACKAGE_VERSION "1.3.3"
| #define PACKAGE_STRING "pofswitch 1.3.3"
| #define PACKAGE_BUGREPORT "yujingzhou@huawei.com"
| #define PACKAGE_URL ""
| #define PACKAGE "pofswitch"
| #define VERSION "1.3.3"
| #define POFSWITCH_VERSION "POFSwitch-1.3.3"
| #define HAVE_LIBPTHREAD 1
| #define STDC_HEADERS 1
| #define HAVE_SYS_TYPES_H 1
| #define HAVE_SYS_STAT_H 1
| #define HAVE_STDLIB_H 1
| #define HAVE_STRING_H 1
| #define HAVE_MEMORY_H 1
| #define HAVE_STRINGS_H 1
| #define HAVE_INTTYPES_H 1
| #define HAVE_STDINT_H 1
| #define HAVE_UNISTD_H 1
| #define HAVE_ARPA_INET_H 1
| #define HAVE_LIMITS_H 1
| #define HAVE_NETINET_IN_H 1
| #define HAVE_STDLIB_H 1
| #define HAVE_STRING_H 1
| #define HAVE_SYS_SOCKET_H 1
| #define HAVE_SYS_TIME_H 1
| #define HAVE_UNISTD_H 1
| /* end confdefs.h.  */
| #include <stdio.h>
| #ifdef HAVE_SYS_TYPES_H
| # include <sys/types.h>
| #endif
| #ifdef HAVE_SYS_STAT_H
| # include <sys/stat.h>
| #endif
| #ifdef STDC_HEADERS
| # include <stdlib.h>
| # include <stddef.h>
| #else
| # ifdef HAVE_STDLIB_H
| #  include <stdlib.h>
| # endif
| #endif
| #ifdef HAVE_STRING_H
| # if !defined STDC_HEADERS && defined HAVE_MEMORY_H
| #  include <memory.h>
| # endif
| # include <string.h>
| #endif
| #ifdef HAVE_STRINGS_H
| # include <strings.h>
| #endif
| #ifdef HAVE_INTTYPES_H
| # include <inttypes.h>
| #endif
| #ifdef HAVE_STDINT_H
| # include <stdint.h>
| #endif
| #ifdef HAVE_UNISTD_H
| # include <unistd.h>
| #endif
| int
| main ()
| {
| if (sizeof ((size_t)))
| 	    return 0;
|   ;
|   return 0;
| }
configure:4284: result: yes
configure:4295: checking for uint16_t
configure:4295: gcc -c -g -O2  conftest.c >&5
configure:4295: $? = 0
configure:4295: result: yes
configure:4307: checking for uint32_t
configure:4307: gcc -c -g -O2  conftest.c >&5
configure:4307: $? = 0
configure:4307: result: yes
configure:4321: checking for uint64_t
configure:4321: gcc -c -g -O2  conftest.c >&5
configure:4321: $? = 0
configure:4321: result: yes
configure:4335: checking for uint8_t
configure:4335: gcc -c -g -O2  conftest.c >&5
configure:4335: $? = 0
configure:4335: result: yes
configure:4353: checking for stdlib.h
configure:4353: result: yes
configure:4363: checking for GNU libc compatible malloc
configure:4387: gcc -o conftest -g -O2   conftest.c -lpthread  >&5
configure:4387: $? = 0
configure:4387: ./conftest
configure:4387: $? = 0
configure:4397: result: yes
configure:4421: checking for inet_ntoa
configure:4421: gcc -o conftest -g -O2   conftest.c -lpthread  >&5
configure:4421: $? = 0
configure:4421: result: yes
configure:4421: checking for memset
configure:4421: gcc -o conftest -g -O2   conftest.c -lpthread  >&5
conftest.c:57:6: warning: conflicting types for built-in function 'memset' [enabled by default]
configure:4421: $? = 0
configure:4421: result: yes
configure:4421: checking for socket
configure:4421: gcc -o conftest -g -O2   conftest.c -lpthread  >&5
configure:4421: $? = 0
configure:4421: result: yes
configure:4667: creating ./config.status

## ---------------------- ##
## Running config.status. ##
## ---------------------- ##

This file was extended by pofswitch config.status 1.3.3, which was
generated by GNU Autoconf 2.68.  Invocation command line was

  CONFIG_FILES    = 
  CONFIG_HEADERS  = 
  CONFIG_LINKS    = 
  CONFIG_COMMANDS = 
  $ ./config.status 

on user-VirtualBox

config.status:788: creating Makefile
config.status:960: executing depfiles commands

## ---------------- ##
## Cache variables. ##
## ---------------- ##

ac_cv_c_compiler_gnu=yes
ac_cv_c_uint16_t=yes
ac_cv_c_uint32_t=yes
ac_cv_c_uint64_t=yes
ac_cv_c_uint8_t=yes
ac_cv_env_CC_set=
ac_cv_env_CC_value=
ac_cv_env_CFLAGS_set=
ac_cv_env_CFLAGS_value=
ac_cv_env_CPPFLAGS_set=
ac_cv_env_CPPFLAGS_value=
ac_cv_env_CPP_set=
ac_cv_env_CPP_value=
ac_cv_env_LDFLAGS_set=
ac_cv_env_LDFLAGS_value=
ac_cv_env_LIBS_set=
ac_cv_env_LIBS_value=
ac_cv_env_build_alias_set=
ac_cv_env_build_alias_value=
ac_cv_env_host_alias_set=
ac_cv_env_host_alias_value=
ac_cv_env_target_alias_set=
ac_cv_env_target_alias_value=
ac_cv_func_inet_ntoa=yes
ac_cv_func_malloc_0_nonnull=yes
ac_cv_func_memset=yes
ac_cv_func_socket=yes
ac_cv_header_arpa_inet_h=yes
ac_cv_header_inttypes_h=yes
ac_cv_header_limits_h=yes
ac_cv_header_memory_h=yes
ac_cv_header_netinet_in_h=yes
ac_cv_header_stdc=yes
ac_cv_header_stdint_h=yes
ac_cv_header_stdlib_h=yes
ac_cv_header_string_h=yes
ac_cv_header_strings_h=yes
ac_cv_header_sys_socket_h=yes
ac_cv_header_sys_stat_h=yes
ac_cv_header_sys_time_h=yes
ac_cv_header_sys_types_h=yes
ac_cv_header_unistd_h=yes
ac_cv_lib_pthread_pthread_create=yes
ac_cv_objext=o
ac_cv_path_EGREP='/bin/grep -E'
ac_cv_path_GREP=/bin/grep
ac_cv_path_install='/usr/bin/install -c'
ac_cv_path_mkdir=/bin/mkdir
ac_cv_prog_AWK=mawk
ac_cv_prog_CPP='gcc -E'
ac_cv_prog_ac_ct_CC=gcc
ac_cv_prog_ac_ct_RANLIB=ranlib
ac_cv_prog_cc_c89=
ac_cv_prog_cc_g=yes
ac_cv_prog_make_make_set=yes
ac_cv_type_size_t=yes
am_cv_CC_dependencies_compiler_type=gcc3

## ----------------- ##
## Output variables. ##
## ----------------- ##

ACLOCAL='${SHELL} /home/user/pofswitch-1.3.3/missing --run aclocal-1.11'
AMDEPBACKSLASH='\'
AMDEP_FALSE='#'
AMDEP_TRUE=''
AMTAR='$${TAR-tar}'
AUTOCONF='${SHELL} /home/user/pofswitch-1.3.3/missing --run autoconf'
AUTOHEADER='${SHELL} /home/user/pofswitch-1.3.3/missing --run autoheader'
AUTOMAKE='${SHELL} /home/user/pofswitch-1.3.3/missing --run automake-1.11'
AWK='mawk'
CC='gcc'
CCDEPMODE='depmode=gcc3'
CFLAGS='-g -O2'
CPP='gcc -E'
CPPFLAGS=''
CYGPATH_W='echo'
DEFS='-DPACKAGE_NAME=\"pofswitch\" -DPACKAGE_TARNAME=\"pofswitch\" -DPACKAGE_VERSION=\"1.3.3\" -DPACKAGE_STRING=\"pofswitch\ 1.3.3\" -DPACKAGE_BUGREPORT=\"yujingzhou@huawei.com\" -DPACKAGE_URL=\"\" -DPACKAGE=\"pofswitch\" -DVERSION=\"1.3.3\" -DPOFSWITCH_VERSION=\"POFSwitch-1.3.3\" -DHAVE_LIBPTHREAD=1 -DSTDC_HEADERS=1 -DHAVE_SYS_TYPES_H=1 -DHAVE_SYS_STAT_H=1 -DHAVE_STDLIB_H=1 -DHAVE_STRING_H=1 -DHAVE_MEMORY_H=1 -DHAVE_STRINGS_H=1 -DHAVE_INTTYPES_H=1 -DHAVE_STDINT_H=1 -DHAVE_UNISTD_H=1 -DHAVE_ARPA_INET_H=1 -DHAVE_LIMITS_H=1 -DHAVE_NETINET_IN_H=1 -DHAVE_STDLIB_H=1 -DHAVE_STRING_H=1 -DHAVE_SYS_SOCKET_H=1 -DHAVE_SYS_TIME_H=1 -DHAVE_UNISTD_H=1 -DHAVE_STDLIB_H=1 -DHAVE_MALLOC=1 -DHAVE_INET_NTOA=1 -DHAVE_MEMSET=1 -DHAVE_SOCKET=1 -DPOF_DEBUG_ON=1 -DPOF_DATAPATH_ON=1 -DPOF_COMMAND_ON=1'
DEPDIR='.deps'
ECHO_C=''
ECHO_N='-n'
ECHO_T=''
EGREP='/bin/grep -E'
EXEEXT=''
GREP='/bin/grep'
INSTALL_DATA='${INSTALL} -m 644'
INSTALL_PROGRAM='${INSTALL}'
INSTALL_SCRIPT='${INSTALL}'
INSTALL_STRIP_PROGRAM='$(install_sh) -c -s'
LDFLAGS=''
LIBOBJS=''
LIBS='-lpthread '
LTLIBOBJS=''
MAKEINFO='${SHELL} /home/user/pofswitch-1.3.3/missing --run makeinfo'
MKDIR_P='/bin/mkdir -p'
OBJEXT='o'
PACKAGE='pofswitch'
PACKAGE_BUGREPORT='yujingzhou@huawei.com'
PACKAGE_NAME='pofswitch'
PACKAGE_STRING='pofswitch 1.3.3'
PACKAGE_TARNAME='pofswitch'
PACKAGE_URL=''
PACKAGE_VERSION='1.3.3'
PATH_SEPARATOR=':'
RANLIB='ranlib'
SET_MAKE=''
SHELL='/bin/bash'
STRIP=''
VERSION='1.3.3'
ac_ct_CC='gcc'
am__EXEEXT_FALSE=''
am__EXEEXT_TRUE='#'
am__fastdepCC_FALSE='#'
am__fastdepCC_TRUE=''
am__include='include'
am__isrc=''
am__leading_dot='.'
am__nodep='_no'
am__quote=''
am__tar='$${TAR-tar} chof - "$$tardir"'
am__untar='$${TAR-tar} xf -'
bindir='${exec_prefix}/bin'
build_alias=''
datadir='${datarootdir}'
datarootdir='${prefix}/share'
docdir='${datarootdir}/doc/${PACKAGE_TARNAME}'
dvidir='${docdir}'
exec_prefix='${prefix}'
host_alias=''
htmldir='${docdir}'
includedir='${prefix}/include'
infodir='${datarootdir}/info'
install_sh='${SHELL} /home/user/pofswitch-1.3.3/install-sh'
libdir='${exec_prefix}/lib'
libexecdir='${exec_prefix}/libexec'
localedir='${datarootdir}/locale'
localstatedir='${prefix}/var'
mandir='${datarootdir}/man'
mkdir_p='/bin/mkdir -p'
oldincludedir='/usr/include'
pdfdir='${docdir}'
prefix='/opt/pofswitch'
program_transform_name='s,x,x,'
psdir='${docdir}'
sbindir='${exec_prefix}/sbin'
sharedstatedir='${prefix}/com'
sysconfdir='${prefix}/etc'
target_alias=''

## ----------- ##
## confdefs.h. ##
## ----------- ##

/* confdefs.h */
#define PACKAGE_NAME "pofswitch"
#define PACKAGE_TARNAME "pofswitch"
#define PACKAGE_VERSION "1.3.3"
#define PACKAGE_STRING "pofswitch 1.3.3"
#define PACKAGE_BUGREPORT "yujingzhou@huawei.com"
#define PACKAGE_URL ""
#define PACKAGE "pofswitch"
#define VERSION "1.3.3"
#define POFSWITCH_VERSION "POFSwitch-1.3.3"
#define HAVE_LIBPTHREAD 1
#define STDC_HEADERS 1
#define HAVE_SYS_TYPES_H 1
#define HAVE_SYS_STAT_H 1
#define HAVE_STDLIB_H 1
#define HAVE_STRING_H 1
#define HAVE_MEMORY_H 1
#define HAVE_STRINGS_H 1
#define HAVE_INTTYPES_H 1
#define HAVE_STDINT_H 1
#define HAVE_UNISTD_H 1
#define HAVE_ARPA_INET_H 1
#define HAVE_LIMITS_H 1
#define HAVE_NETINET_IN_H 1
#define HAVE_STDLIB_H 1
#define HAVE_STRING_H 1
#define HAVE_SYS_SOCKET_H 1
#define HAVE_SYS_TIME_H 1
#define HAVE_UNISTD_H 1
#define HAVE_STDLIB_H 1
#define HAVE_MALLOC 1
#define HAVE_INET_NTOA 1
#define HAVE_MEMSET 1
#define HAVE_SOCKET 1
#define POF_DEBUG_ON 1
#define POF_DATAPATH_ON 1
#define POF_COMMAND_ON 1

configure: exit 0
